<?xml version="1.0" encoding="UTF-8"?>
<testsuite name="Checkers.SampleTest" tests="1" skipped="0" failures="0" errors="0" timestamp="2024-03-30T05:18:39" hostname="roastpotato" time="0.018">
  <properties/>
  <testcase name="simpleTest()" classname="Checkers.SampleTest" time="0.018"/>
  <system-out><![CDATA[]]></system-out>
  <system-err><![CDATA[]]></system-err>
</testsuite>
